2012-10-17 11:57:11
username: 230121198506230273 targetUrl:http://haijia.bjxueche.net/login.aspx
Traceback (most recent call last):
  File "./hackyuecheV2.py", line 68, in hjLogin
    htmldoc = opener.open(req, timeout=timeOut).read()
  File "/usr/lib/python2.7/urllib2.py", line 400, in open
    response = self._open(req, data)
  File "/usr/lib/python2.7/urllib2.py", line 418, in _open
    '_open', req)
  File "/usr/lib/python2.7/urllib2.py", line 378, in _call_chain
    result = func(*args)
  File "/usr/lib/python2.7/urllib2.py", line 1207, in http_open
    return self.do_open(httplib.HTTPConnection, req)
  File "/usr/lib/python2.7/urllib2.py", line 1180, in do_open
    r = h.getresponse(buffering=True)
  File "/usr/lib/python2.7/httplib.py", line 1030, in getresponse
    response.begin()
  File "/usr/lib/python2.7/httplib.py", line 407, in begin
    version, status, reason = self._read_status()
  File "/usr/lib/python2.7/httplib.py", line 365, in _read_status
    line = self.fp.readline()
  File "/usr/lib/python2.7/socket.py", line 447, in readline
    data = self._sock.recv(self._rbufsize)
KeyboardInterrupt
2012-10-17 11:57:12
username: 230121198506230273 targetUrl:http://haijia.bjxueche.net/login.aspx
Traceback (most recent call last):
  File "./hackyuecheV2.py", line 68, in hjLogin
    htmldoc = opener.open(req, timeout=timeOut).read()
  File "/usr/lib/python2.7/urllib2.py", line 406, in open
    response = meth(req, response)
  File "/usr/lib/python2.7/urllib2.py", line 519, in http_response
    'http', request, response, code, msg, hdrs)
  File "/usr/lib/python2.7/urllib2.py", line 438, in error
    result = self._call_chain(*args)
  File "/usr/lib/python2.7/urllib2.py", line 378, in _call_chain
    result = func(*args)
  File "/usr/lib/python2.7/urllib2.py", line 625, in http_error_302
    return self.parent.open(new, timeout=req.timeout)
  File "/usr/lib/python2.7/urllib2.py", line 400, in open
    response = self._open(req, data)
  File "/usr/lib/python2.7/urllib2.py", line 418, in _open
    '_open', req)
  File "/usr/lib/python2.7/urllib2.py", line 378, in _call_chain
    result = func(*args)
  File "/usr/lib/python2.7/urllib2.py", line 1207, in http_open
    return self.do_open(httplib.HTTPConnection, req)
  File "/usr/lib/python2.7/urllib2.py", line 1174, in do_open
    h.request(req.get_method(), req.get_selector(), req.data, headers)
  File "/usr/lib/python2.7/httplib.py", line 958, in request
    self._send_request(method, url, body, headers)
  File "/usr/lib/python2.7/httplib.py", line 992, in _send_request
    self.endheaders(body)
  File "/usr/lib/python2.7/httplib.py", line 954, in endheaders
    self._send_output(message_body)
  File "/usr/lib/python2.7/httplib.py", line 814, in _send_output
    self.send(msg)
  File "/usr/lib/python2.7/httplib.py", line 776, in send
    self.connect()
  File "/usr/lib/python2.7/httplib.py", line 757, in connect
    self.timeout, self.source_address)
  File "/usr/lib/python2.7/socket.py", line 553, in create_connection
    for res in getaddrinfo(host, port, 0, SOCK_STREAM):
KeyboardInterrupt
*******************
2012-10-17 12:15:19
username: 230121198506230273 targetUrl:http://haijia.bjxueche.net/login.aspx
username: 230121198506230273  login sucessful!
*******************
*******************
2012-10-17 12:15:22
username: 230121198506230273 targetUrl:http://haijia.bjxueche.net/login.aspx
time:15
*******************
*******************
2012-10-17 12:15:22
username: 230121198506230273 targetUrl:http://haijia.bjxueche.net/login.aspx
get Cars...
*******************
*******************
2012-10-17 12:19:21
username: 230121198506230273 targetUrl:http://haijia.bjxueche.net/login.aspx
230121198506230273 start login..
*******************
*******************
2012-10-17 12:19:24
username: 230121198506230273 targetUrl:http://haijia.bjxueche.net/login.aspx
username: 230121198506230273  login sucessful!
*******************
*******************
2012-10-17 12:19:24
username: 230121198506230273 targetUrl:http://haijia.bjxueche.net/login.aspx
check left reserve time...
*******************
*******************
2012-10-17 12:19:25
username: 230121198506230273 targetUrl:http://haijia.bjxueche.net/login.aspx
Sorry! The left time is 已约
*******************
*******************
2012-10-17 12:19:41
username: 230121198506230273 targetUrl:http://haijia.bjxueche.net/login.aspx
230121198506230273 start login..
*******************
*******************
2012-10-17 12:19:44
username: 230121198506230273 targetUrl:http://haijia.bjxueche.net/login.aspx
username: 230121198506230273  login sucessful!
*******************
*******************
2012-10-17 12:19:44
username: 230121198506230273 targetUrl:http://haijia.bjxueche.net/login.aspx
check left reserve time...
*******************
*******************
2012-10-17 12:19:49
username: 230121198506230273 targetUrl:http://haijia.bjxueche.net/login.aspx
time:13
*******************
*******************
2012-10-17 12:19:49
username: 230121198506230273 targetUrl:http://haijia.bjxueche.net/login.aspx
get Cars...
*******************
*******************
2012-10-17 12:19:49
username: 230121198506230273 targetUrl:http://haijia.bjxueche.net/login.aspx
Booking Car
*******************
*******************
2012-10-17 12:19:49
username: 230121198506230273 targetUrl:http://haijia.bjxueche.net/login.aspx
{"d":"[\r\n  {\r\n    \"Result\": true,\r\n    \"OutMSG\": \"\"\r\n  }\r\n]"}
*******************
*******************
2012-10-17 12:19:49
username: 230121198506230273 targetUrl:http://haijia.bjxueche.net/login.aspx
Booking car done!
*******************
*******************
2012-10-17 12:46:09
username: 230121198506230273
230121198506230273 start login..
*******************
*******************
2012-10-17 12:46:21
username: 230121198506230273
Traceback (most recent call last):
  File "./hackyuecheV2.py", line 73, in hjLogin
    htmldoc = opener.open(req, timeout=timeOut).read()
  File "/usr/lib/python2.7/urllib2.py", line 400, in open
    response = self._open(req, data)
  File "/usr/lib/python2.7/urllib2.py", line 418, in _open
    '_open', req)
  File "/usr/lib/python2.7/urllib2.py", line 378, in _call_chain
    result = func(*args)
  File "/usr/lib/python2.7/urllib2.py", line 1207, in http_open
    return self.do_open(httplib.HTTPConnection, req)
  File "/usr/lib/python2.7/urllib2.py", line 1174, in do_open
    h.request(req.get_method(), req.get_selector(), req.data, headers)
  File "/usr/lib/python2.7/httplib.py", line 958, in request
    self._send_request(method, url, body, headers)
  File "/usr/lib/python2.7/httplib.py", line 992, in _send_request
    self.endheaders(body)
  File "/usr/lib/python2.7/httplib.py", line 954, in endheaders
    self._send_output(message_body)
  File "/usr/lib/python2.7/httplib.py", line 814, in _send_output
    self.send(msg)
  File "/usr/lib/python2.7/httplib.py", line 776, in send
    self.connect()
  File "/usr/lib/python2.7/httplib.py", line 757, in connect
    self.timeout, self.source_address)
  File "/usr/lib/python2.7/socket.py", line 562, in create_connection
    sock.connect(sa)
  File "/usr/lib/python2.7/socket.py", line 224, in meth
    return getattr(self._sock,name)(*args)
KeyboardInterrupt

*******************
*******************
2012-10-17 12:46:22
username: 230121198506230273
230121198506230273 start login..
*******************
*******************
2012-10-17 12:46:23
username: 230121198506230273
Traceback (most recent call last):
  File "./hackyuecheV2.py", line 73, in hjLogin
    htmldoc = opener.open(req, timeout=timeOut).read()
  File "/usr/lib/python2.7/urllib2.py", line 400, in open
    response = self._open(req, data)
  File "/usr/lib/python2.7/urllib2.py", line 418, in _open
    '_open', req)
  File "/usr/lib/python2.7/urllib2.py", line 378, in _call_chain
    result = func(*args)
  File "/usr/lib/python2.7/urllib2.py", line 1207, in http_open
    return self.do_open(httplib.HTTPConnection, req)
  File "/usr/lib/python2.7/urllib2.py", line 1174, in do_open
    h.request(req.get_method(), req.get_selector(), req.data, headers)
  File "/usr/lib/python2.7/httplib.py", line 958, in request
    self._send_request(method, url, body, headers)
  File "/usr/lib/python2.7/httplib.py", line 992, in _send_request
    self.endheaders(body)
  File "/usr/lib/python2.7/httplib.py", line 954, in endheaders
    self._send_output(message_body)
  File "/usr/lib/python2.7/httplib.py", line 814, in _send_output
    self.send(msg)
  File "/usr/lib/python2.7/httplib.py", line 776, in send
    self.connect()
  File "/usr/lib/python2.7/httplib.py", line 757, in connect
    self.timeout, self.source_address)
  File "/usr/lib/python2.7/socket.py", line 562, in create_connection
    sock.connect(sa)
  File "/usr/lib/python2.7/socket.py", line 224, in meth
    return getattr(self._sock,name)(*args)
KeyboardInterrupt

*******************
*******************
2012-10-17 13:09:32
username: 230121198506230273
230121198506230273 start login..
*******************
*******************
2012-10-17 13:09:43
username: 230121198506230273
Traceback (most recent call last):
  File "./hackyuecheV2.py", line 75, in hjLogin
    htmldoc = opener.open(req, timeout=timeOut).read()
  File "/usr/lib/python2.7/urllib2.py", line 400, in open
    response = self._open(req, data)
  File "/usr/lib/python2.7/urllib2.py", line 418, in _open
    '_open', req)
  File "/usr/lib/python2.7/urllib2.py", line 378, in _call_chain
    result = func(*args)
  File "/usr/lib/python2.7/urllib2.py", line 1207, in http_open
    return self.do_open(httplib.HTTPConnection, req)
  File "/usr/lib/python2.7/urllib2.py", line 1174, in do_open
    h.request(req.get_method(), req.get_selector(), req.data, headers)
  File "/usr/lib/python2.7/httplib.py", line 958, in request
    self._send_request(method, url, body, headers)
  File "/usr/lib/python2.7/httplib.py", line 992, in _send_request
    self.endheaders(body)
  File "/usr/lib/python2.7/httplib.py", line 954, in endheaders
    self._send_output(message_body)
  File "/usr/lib/python2.7/httplib.py", line 814, in _send_output
    self.send(msg)
  File "/usr/lib/python2.7/httplib.py", line 776, in send
    self.connect()
  File "/usr/lib/python2.7/httplib.py", line 757, in connect
    self.timeout, self.source_address)
  File "/usr/lib/python2.7/socket.py", line 562, in create_connection
    sock.connect(sa)
  File "/usr/lib/python2.7/socket.py", line 224, in meth
    return getattr(self._sock,name)(*args)
KeyboardInterrupt

*******************
